<?xml version="1.0" encoding="UTF-8"?>
<testng-results ignored="0" total="1" passed="1" failed="0" skipped="0">
  <reporter-output>
  </reporter-output>
  <suite started-at="2020-10-29T13:45:40 IST" name="Test suite" finished-at="2020-10-29T13:46:41 IST" duration-ms="60650">
    <groups>
      <group name="cucumber">
        <method signature="AbstractTestNGCucumberTests.runScenario(io.cucumber.testng.PickleWrapper, io.cucumber.testng.FeatureWrapper)[pri:0, instance:com.launcher.CalculatorScenarioLauncher@4d1c00d0]" name="runScenario" class="io.cucumber.testng.AbstractTestNGCucumberTests"/>
      </group> <!-- cucumber -->
    </groups>
    <test started-at="2020-10-29T13:45:40 IST" name="Test" finished-at="2020-10-29T13:46:41 IST" duration-ms="60650">
      <class name="com.launcher.CalculatorScenarioLauncher">
        <test-method is-config="true" signature="setUpClass()[pri:0, instance:com.launcher.CalculatorScenarioLauncher@4d1c00d0]" started-at="2020-10-29T13:45:40 IST" name="setUpClass" finished-at="2020-10-29T13:45:41 IST" duration-ms="542" status="PASS">
          <reporter-output>
          </reporter-output>
        </test-method> <!-- setUpClass -->
        <test-method signature="runScenario(io.cucumber.testng.PickleWrapper, io.cucumber.testng.FeatureWrapper)[pri:0, instance:com.launcher.CalculatorScenarioLauncher@4d1c00d0]" started-at="2020-10-29T13:45:41 IST" name="runScenario" description="Runs Cucumber Scenarios" data-provider="scenarios" finished-at="2020-10-29T13:46:40 IST" duration-ms="59789" status="PASS">
          <params>
            <param index="0">
              <value>
                <![CDATA["Calculating with arithmetic operations"]]>
              </value>
            </param>
            <param index="1">
              <value>
                <![CDATA["Optional[This is a feature file]"]]>
              </value>
            </param>
          </params>
          <reporter-output>
          </reporter-output>
        </test-method> <!-- runScenario -->
        <test-method is-config="true" signature="tearDownClass()[pri:0, instance:com.launcher.CalculatorScenarioLauncher@4d1c00d0]" started-at="2020-10-29T13:46:40 IST" name="tearDownClass" finished-at="2020-10-29T13:46:41 IST" duration-ms="297" status="PASS">
          <reporter-output>
          </reporter-output>
        </test-method> <!-- tearDownClass -->
      </class> <!-- com.launcher.CalculatorScenarioLauncher -->
    </test> <!-- Test -->
  </suite> <!-- Test suite -->
</testng-results>
